This is pdfTeX, Version 3.14159265-2.6-1.40.18 (MiKTeX 2.9.6350 64-bit) (preloaded format=pdflatex 2017.9.10)  20 FEB 2018 17:46
entering extended mode
**./kuka_identification.tex
(kuka_identification.tex
LaTeX2e <2017-04-15>
Babel <3.10> and hyphenation patterns for 75 language(s) loaded.
(a&t.cls
Document Class: a&t 2005/05/07 alpha v2.1 LaTeX class for preparing papers to "
Avtomatika i Telemekhanika"

Class a&t Warning: This class requires MikTeX 1.2c--2.4.

("C:\Program Files\MiKTeX 2.9\tex\latex\base\article.cls"
Document Class: article 2014/09/29 v1.4h Standard LaTeX document class
("C:\Program Files\MiKTeX 2.9\tex\latex\base\size12.clo"
File: size12.clo 2014/09/29 v1.4h Standard LaTeX file (size option)
)
\c@part=\count79
\c@section=\count80
\c@subsection=\count81
\c@subsubsection=\count82
\c@paragraph=\count83
\c@subparagraph=\count84
\c@figure=\count85
\c@table=\count86
\abovecaptionskip=\skip41
\belowcaptionskip=\skip42
\bibindent=\dimen102
)
("C:\Program Files\MiKTeX 2.9\tex\latex\base\inputenc.sty"
Package: inputenc 2015/03/17 v1.2c Input encoding file
\inpenc@prehook=\toks14
\inpenc@posthook=\toks15

("C:\Program Files\MiKTeX 2.9\tex\latex\cyrillic\cp1251.def"
File: cp1251.def 2014/10/28 v1.0d Input encoding file
))
("C:\Program Files\MiKTeX 2.9\tex\latex\base\fontenc.sty"
Package: fontenc 2017/04/05 v2.0i Standard LaTeX package

("C:\Program Files\MiKTeX 2.9\tex\latex\cyrillic\t2aenc.def"
File: t2aenc.def 2005/09/27 v1.0i Cyrillic encoding definition file
)
("C:\Program Files\MiKTeX 2.9\tex\latex\base\ot1enc.def"
File: ot1enc.def 2017/04/05 v2.0i Standard LaTeX file
LaTeX Font Info:    Redeclaring font encoding OT1 on input line 48.
))
("C:\Program Files\MiKTeX 2.9\tex\generic\babel\babel.sty"
Package: babel 2017/05/19 3.10 The Babel package

*************************************
* Local config file bblopts.cfg used
*
("C:\Program Files\MiKTeX 2.9\tex\latex\arabi\bblopts.cfg"
File: bblopts.cfg 2005/09/08 v0.1 add Arabic and Farsi to "declared" options of
 babel
)
("C:\Program Files\MiKTeX 2.9\tex\latex\babel-russian\russianb.ldf"
Language: russian 2017/08/12 1.3j Russian support for the Babel system

("C:\Program Files\MiKTeX 2.9\tex\generic\babel\babel.def"
File: babel.def 2017/05/19 3.10 Babel common definitions
\babel@savecnt=\count87
\U@D=\dimen103
)
Package babel Info: Making " an active character on input line 120.
Package babel Info: Default for \cyrdash is provided on input line 157.
))
("C:\Program Files\MiKTeX 2.9\tex\latex\amsmath\amsmath.sty"
Package: amsmath 2016/11/05 v2.16a AMS math features
\@mathmargin=\skip43

For additional information on amsmath, use the `?' option.
("C:\Program Files\MiKTeX 2.9\tex\latex\amsmath\amstext.sty"
Package: amstext 2000/06/29 v2.01 AMS text

("C:\Program Files\MiKTeX 2.9\tex\latex\amsmath\amsgen.sty"
File: amsgen.sty 1999/11/30 v2.0 generic functions
\@emptytoks=\toks16
\ex@=\dimen104
))
("C:\Program Files\MiKTeX 2.9\tex\latex\amsmath\amsbsy.sty"
Package: amsbsy 1999/11/29 v1.2d Bold Symbols
\pmbraise@=\dimen105
)
("C:\Program Files\MiKTeX 2.9\tex\latex\amsmath\amsopn.sty"
Package: amsopn 2016/03/08 v2.02 operator names
)
\inf@bad=\count88
LaTeX Info: Redefining \frac on input line 213.
\uproot@=\count89
\leftroot@=\count90
LaTeX Info: Redefining \overline on input line 375.
\classnum@=\count91
\DOTSCASE@=\count92
LaTeX Info: Redefining \ldots on input line 472.
LaTeX Info: Redefining \dots on input line 475.
LaTeX Info: Redefining \cdots on input line 596.
\Mathstrutbox@=\box26
\strutbox@=\box27
\big@size=\dimen106
LaTeX Font Info:    Redeclaring font encoding OML on input line 712.
LaTeX Font Info:    Redeclaring font encoding OMS on input line 713.
\macc@depth=\count93
\c@MaxMatrixCols=\count94
\dotsspace@=\muskip10
\c@parentequation=\count95
\dspbrk@lvl=\count96
\tag@help=\toks17
\row@=\count97
\column@=\count98
\maxfields@=\count99
\andhelp@=\toks18
\eqnshift@=\dimen107
\alignsep@=\dimen108
\tagshift@=\dimen109
\tagwidth@=\dimen110
\totwidth@=\dimen111
\lineht@=\dimen112
\@envbody=\toks19
\multlinegap=\skip44
\multlinetaggap=\skip45
\mathdisplay@stack=\toks20
LaTeX Info: Redefining \[ on input line 2817.
LaTeX Info: Redefining \] on input line 2818.
)
("C:\Program Files\MiKTeX 2.9\tex\latex\amsfonts\amsfonts.sty"
Package: amsfonts 2013/01/14 v3.01 Basic AMSFonts support
\symAMSa=\mathgroup4
\symAMSb=\mathgroup5
LaTeX Font Info:    Overwriting math alphabet `\mathfrak' in version `bold'
(Font)                  U/euf/m/n --> U/euf/b/n on input line 106.
)
("C:\Program Files\MiKTeX 2.9\tex\latex\amsfonts\amssymb.sty"
Package: amssymb 2013/01/14 v3.01 AMS font symbols
)
("C:\Program Files\MiKTeX 2.9\tex\latex\base\ifthen.sty"
Package: ifthen 2014/09/29 v1.1c Standard LaTeX ifthen package (DPC)
)
("C:\Program Files\MiKTeX 2.9\tex\latex\tools\calc.sty"
Package: calc 2014/10/28 v4.3 Infix arithmetic (KKT,FJ)
\calc@Acount=\count100
\calc@Bcount=\count101
\calc@Adimen=\dimen113
\calc@Bdimen=\dimen114
\calc@Askip=\skip46
\calc@Bskip=\skip47
LaTeX Info: Redefining \setlength on input line 80.
LaTeX Info: Redefining \addtolength on input line 81.
\calc@Ccount=\count102
\calc@Cskip=\skip48
) (myruss.sty
russcorr.sty <27 July 1993>
\c@rlistctr=\count103
) (ruslist.sty
Package: ruslist 2003/01/11 alpha 2.2


Package ruslist Warning: This package comes with absolutely no warranty!.

\itemitemsep=\skip49
\simpleitemsep=\skip50
\enumitemsep=\skip51
\c@enumlisti=\count104
\c@romlisti=\count105
\c@ruslisti=\count106
\c@latlisti=\count107
\c@issimple=\count108
\c@problisti=\count109
\probitemsep=\skip52
\notationitemsep=\skip53
) ("C:\Program Files\MiKTeX 2.9\tex\latex\tools\verbatim.sty"
Package: verbatim 2014/10/28 v1.5q LaTeX2e package for verbatim enhancements
\every@verbatim=\toks21
\verbatim@line=\toks22
\verbatim@in@stream=\read1
) (160-240.sty)
\c@isappendix=\count110
\c@theorem=\count111
\c@corollary=\count112
\c@lemma=\count113
\c@statement=\count114
\c@proposition=\count115
\c@definition=\count116
\c@problem=\count117
\c@alg=\count118
\c@rem=\count119
\c@exmpl=\count120
)
("C:\Program Files\MiKTeX 2.9\tex\latex\graphics\graphicx.sty"
Package: graphicx 2014/10/28 v1.0g Enhanced LaTeX Graphics (DPC,SPQR)

("C:\Program Files\MiKTeX 2.9\tex\latex\graphics\keyval.sty"
Package: keyval 2014/10/28 v1.15 key=value parser (DPC)
\KV@toks@=\toks23
)
("C:\Program Files\MiKTeX 2.9\tex\latex\graphics\graphics.sty"
Package: graphics 2017/04/14 v1.1b Standard LaTeX Graphics (DPC,SPQR)

("C:\Program Files\MiKTeX 2.9\tex\latex\graphics\trig.sty"
Package: trig 2016/01/03 v1.10 sin cos tan (DPC)
)
("C:\Program Files\MiKTeX 2.9\tex\latex\graphics-cfg\graphics.cfg"
File: graphics.cfg 2016/06/04 v1.11 sample graphics configuration
)
Package graphics Info: Driver file: pdftex.def on input line 99.

("C:\Program Files\MiKTeX 2.9\tex\latex\graphics-def\pdftex.def"
File: pdftex.def 2017/01/12 v0.06k Graphics/color for pdfTeX

("C:\Program Files\MiKTeX 2.9\tex\generic\oberdiek\infwarerr.sty"
Package: infwarerr 2016/05/16 v1.4 Providing info/warning/error messages (HO)
)
("C:\Program Files\MiKTeX 2.9\tex\generic\oberdiek\ltxcmds.sty"
Package: ltxcmds 2016/05/16 v1.23 LaTeX kernel commands for general use (HO)
)
\Gread@gobject=\count121
))
\Gin@req@height=\dimen115
\Gin@req@width=\dimen116
)
("C:\Program Files\MiKTeX 2.9\tex\latex\oberdiek\epstopdf.sty"
Package: epstopdf 2016/05/15 v2.6 Conversion with epstopdf on the fly (HO)

("C:\Program Files\MiKTeX 2.9\tex\latex\oberdiek\epstopdf-base.sty"
Package: epstopdf-base 2016/05/15 v2.6 Base part for package epstopdf

("C:\Program Files\MiKTeX 2.9\tex\latex\oberdiek\grfext.sty"
Package: grfext 2016/05/16 v1.2 Manage graphics extensions (HO)

("C:\Program Files\MiKTeX 2.9\tex\generic\oberdiek\kvdefinekeys.sty"
Package: kvdefinekeys 2016/05/16 v1.4 Define keys (HO)
))
("C:\Program Files\MiKTeX 2.9\tex\latex\oberdiek\kvoptions.sty"
Package: kvoptions 2016/05/16 v3.12 Key value format for package options (HO)

("C:\Program Files\MiKTeX 2.9\tex\generic\oberdiek\kvsetkeys.sty"
Package: kvsetkeys 2016/05/16 v1.17 Key value parser (HO)

("C:\Program Files\MiKTeX 2.9\tex\generic\oberdiek\etexcmds.sty"
Package: etexcmds 2016/05/16 v1.6 Avoid name clashes with e-TeX commands (HO)

("C:\Program Files\MiKTeX 2.9\tex\generic\oberdiek\ifluatex.sty"
Package: ifluatex 2016/05/16 v1.4 Provides the ifluatex switch (HO)
Package ifluatex Info: LuaTeX not detected.
)
Package etexcmds Info: Could not find \expanded.
(etexcmds)             That can mean that you are not using pdfTeX 1.50 or
(etexcmds)             that some package has redefined \expanded.
(etexcmds)             In the latter case, load this package earlier.
)))
("C:\Program Files\MiKTeX 2.9\tex\generic\oberdiek\pdftexcmds.sty"
Package: pdftexcmds 2017/03/19 v0.25 Utility functions of pdfTeX for LuaTeX (HO
)

("C:\Program Files\MiKTeX 2.9\tex\generic\oberdiek\ifpdf.sty"
Package: ifpdf 2017/03/15 v3.2 Provides the ifpdf switch
)
Package pdftexcmds Info: LuaTeX not detected.
Package pdftexcmds Info: \pdf@primitive is available.
Package pdftexcmds Info: \pdf@ifprimitive is available.
Package pdftexcmds Info: \pdfdraftmode found.
)
Package epstopdf-base Info: Redefining graphics rule for `.eps' on input line 4
38.
Package grfext Info: Graphics extension search list:
(grfext)             [.png,.pdf,.jpg,.mps,.jpeg,.jbig2,.jb2,.PNG,.PDF,.JPG,.JPE
G,.JBIG2,.JB2,.eps]
(grfext)             \AppendGraphicsExtensions on input line 456.
)) (cite.sty
LaTeX Info: Redefining \cite on input line 285.
LaTeX Info: Redefining \nocite on input line 356.
Package: cite 2009/08/29  v 5.2
)
("C:\Program Files\MiKTeX 2.9\tex\latex\caption\subcaption.sty"
Package: subcaption 2016/05/22 v1.1-161 Sub-captions (AR)

("C:\Program Files\MiKTeX 2.9\tex\latex\caption\caption.sty"
Package: caption 2016/02/21 v3.3-144 Customizing captions (AR)

("C:\Program Files\MiKTeX 2.9\tex\latex\caption\caption3.sty"
Package: caption3 2016/05/22 v1.7-166 caption3 kernel (AR)
Package caption3 Info: TeX engine: e-TeX on input line 67.
\captionmargin=\dimen117
\captionmargin@=\dimen118
\captionwidth=\dimen119
\caption@tempdima=\dimen120
\caption@indent=\dimen121
\caption@parindent=\dimen122
\caption@hangindent=\dimen123
Package caption Info: Unknown document class (or package),
(caption)             standard defaults will be used.
)

Package caption Warning: Unsupported document class (or package) detected,
(caption)                usage of the caption package is not recommended.
See the caption package documentation for explanation.

Package caption Info: \@makecaption = \long macro:#1#2->\vskip 10\p@ \setbox \@
tempboxa \hbox {#1. #2}\ifdim \wd \@tempboxa >\hsize \unhbox \@tempboxa \par \e
lse \centerline {\box \@tempboxa }\fi .
\c@ContinuedFloat=\count122
)
\c@subfigure=\count123
\c@subtable=\count124
)
\c@assumption=\count125
 (kuka_identification.aux
LaTeX Font Info:    Try loading font information for T2A+cmr on input line 3.

("C:\Program Files\MiKTeX 2.9\tex\latex\cyrillic\t2acmr.fd"
File: t2acmr.fd 2001/08/11 v1.0a Computer Modern Cyrillic font definitions
)

LaTeX Warning: Label `fig:multi_ampl3' multiply defined.


LaTeX Warning: Label `sub@fig:multi_ampl3' multiply defined.


LaTeX Warning: Label `fig:multi_sigma3' multiply defined.


LaTeX Warning: Label `sub@fig:multi_sigma3' multiply defined.


LaTeX Warning: Label `fig:multi_phi3' multiply defined.


LaTeX Warning: Label `sub@fig:multi_phi3' multiply defined.


LaTeX Warning: Label `fig:multi_xi3' multiply defined.


LaTeX Warning: Label `sub@fig:multi_xi3' multiply defined.


LaTeX Warning: Label `fig:multiparameters3' multiply defined.


LaTeX Warning: Label `fig:multi_ampl3' multiply defined.


LaTeX Warning: Label `sub@fig:multi_ampl3' multiply defined.


LaTeX Warning: Label `fig:multi_sigma3' multiply defined.


LaTeX Warning: Label `sub@fig:multi_sigma3' multiply defined.


LaTeX Warning: Label `fig:multi_phi3' multiply defined.


LaTeX Warning: Label `sub@fig:multi_phi3' multiply defined.


LaTeX Warning: Label `fig:multi_xi3' multiply defined.


LaTeX Warning: Label `sub@fig:multi_xi3' multiply defined.


LaTeX Warning: Label `fig:multiparameters3' multiply defined.


LaTeX Warning: Label `fig:multi_omega3' multiply defined.


LaTeX Warning: Label `sub@fig:multi_omega3' multiply defined.


LaTeX Warning: Label `fig:multi_ampl3' multiply defined.


LaTeX Warning: Label `sub@fig:multi_ampl3' multiply defined.


LaTeX Warning: Label `fig:multi_sigma3' multiply defined.


LaTeX Warning: Label `sub@fig:multi_sigma3' multiply defined.


LaTeX Warning: Label `fig:multi_phi3' multiply defined.


LaTeX Warning: Label `sub@fig:multi_phi3' multiply defined.


LaTeX Warning: Label `fig:multi_xi3' multiply defined.


LaTeX Warning: Label `sub@fig:multi_xi3' multiply defined.


LaTeX Warning: Label `fig:multiparameters3' multiply defined.


LaTeX Warning: Label `fig:multi_ampl3' multiply defined.


LaTeX Warning: Label `sub@fig:multi_ampl3' multiply defined.


LaTeX Warning: Label `fig:multi_sigma3' multiply defined.


LaTeX Warning: Label `sub@fig:multi_sigma3' multiply defined.


LaTeX Warning: Label `fig:multi_phi3' multiply defined.


LaTeX Warning: Label `sub@fig:multi_phi3' multiply defined.


LaTeX Warning: Label `fig:multi_xi3' multiply defined.


LaTeX Warning: Label `sub@fig:multi_xi3' multiply defined.


LaTeX Warning: Label `fig:multiparameters3' multiply defined.


LaTeX Warning: Label `fig:multi_ampl3' multiply defined.


LaTeX Warning: Label `sub@fig:multi_ampl3' multiply defined.


LaTeX Warning: Label `fig:multi_sigma3' multiply defined.


LaTeX Warning: Label `sub@fig:multi_sigma3' multiply defined.


LaTeX Warning: Label `fig:multi_phi3' multiply defined.


LaTeX Warning: Label `sub@fig:multi_phi3' multiply defined.


LaTeX Warning: Label `fig:multi_xi3' multiply defined.


LaTeX Warning: Label `sub@fig:multi_xi3' multiply defined.


LaTeX Warning: Label `fig:multiparameters3' multiply defined.


LaTeX Warning: Label `fig:multi_omega3' multiply defined.


LaTeX Warning: Label `sub@fig:multi_omega3' multiply defined.


LaTeX Warning: Label `fig:multi_ampl3' multiply defined.


LaTeX Warning: Label `sub@fig:multi_ampl3' multiply defined.


LaTeX Warning: Label `fig:multi_sigma3' multiply defined.


LaTeX Warning: Label `sub@fig:multi_sigma3' multiply defined.


LaTeX Warning: Label `fig:multi_phi3' multiply defined.


LaTeX Warning: Label `sub@fig:multi_phi3' multiply defined.


LaTeX Warning: Label `fig:multi_xi3' multiply defined.


LaTeX Warning: Label `sub@fig:multi_xi3' multiply defined.


LaTeX Warning: Label `fig:multiparameters3' multiply defined.


LaTeX Warning: Label `fig:multi_ampl3' multiply defined.


LaTeX Warning: Label `sub@fig:multi_ampl3' multiply defined.


LaTeX Warning: Label `fig:multi_sigma3' multiply defined.


LaTeX Warning: Label `sub@fig:multi_sigma3' multiply defined.


LaTeX Warning: Label `fig:multi_phi3' multiply defined.


LaTeX Warning: Label `sub@fig:multi_phi3' multiply defined.


LaTeX Warning: Label `fig:multi_xi3' multiply defined.


LaTeX Warning: Label `sub@fig:multi_xi3' multiply defined.


LaTeX Warning: Label `fig:multiparameters3' multiply defined.


LaTeX Warning: Label `fig:multi_ampl3' multiply defined.


LaTeX Warning: Label `sub@fig:multi_ampl3' multiply defined.


LaTeX Warning: Label `fig:multi_sigma3' multiply defined.


LaTeX Warning: Label `sub@fig:multi_sigma3' multiply defined.


LaTeX Warning: Label `fig:multi_phi3' multiply defined.


LaTeX Warning: Label `sub@fig:multi_phi3' multiply defined.


LaTeX Warning: Label `fig:multi_xi3' multiply defined.


LaTeX Warning: Label `sub@fig:multi_xi3' multiply defined.


LaTeX Warning: Label `fig:multiparameters3' multiply defined.


LaTeX Warning: Label `fig:multi_omega3' multiply defined.


LaTeX Warning: Label `sub@fig:multi_omega3' multiply defined.


LaTeX Warning: Label `fig:multi_ampl3' multiply defined.


LaTeX Warning: Label `sub@fig:multi_ampl3' multiply defined.


LaTeX Warning: Label `fig:multi_sigma3' multiply defined.


LaTeX Warning: Label `sub@fig:multi_sigma3' multiply defined.


LaTeX Warning: Label `fig:multi_phi3' multiply defined.


LaTeX Warning: Label `sub@fig:multi_phi3' multiply defined.


LaTeX Warning: Label `fig:multi_xi3' multiply defined.


LaTeX Warning: Label `sub@fig:multi_xi3' multiply defined.


LaTeX Warning: Label `fig:multiparameters3' multiply defined.


LaTeX Warning: Label `fig:multi_ampl3' multiply defined.


LaTeX Warning: Label `sub@fig:multi_ampl3' multiply defined.


LaTeX Warning: Label `fig:multi_sigma3' multiply defined.


LaTeX Warning: Label `sub@fig:multi_sigma3' multiply defined.


LaTeX Warning: Label `fig:multi_phi3' multiply defined.


LaTeX Warning: Label `sub@fig:multi_phi3' multiply defined.


LaTeX Warning: Label `fig:multi_xi3' multiply defined.


LaTeX Warning: Label `sub@fig:multi_xi3' multiply defined.


LaTeX Warning: Label `fig:multiparameters3' multiply defined.


LaTeX Warning: Label `fig:multi_ampl3' multiply defined.


LaTeX Warning: Label `sub@fig:multi_ampl3' multiply defined.


LaTeX Warning: Label `fig:multi_sigma3' multiply defined.


LaTeX Warning: Label `sub@fig:multi_sigma3' multiply defined.


LaTeX Warning: Label `fig:multi_phi3' multiply defined.


LaTeX Warning: Label `sub@fig:multi_phi3' multiply defined.


LaTeX Warning: Label `fig:multi_xi3' multiply defined.


LaTeX Warning: Label `sub@fig:multi_xi3' multiply defined.


LaTeX Warning: Label `fig:multiparameters3' multiply defined.


LaTeX Warning: Label `fig:multi_omega3' multiply defined.


LaTeX Warning: Label `sub@fig:multi_omega3' multiply defined.


LaTeX Warning: Label `fig:multi_ampl3' multiply defined.


LaTeX Warning: Label `sub@fig:multi_ampl3' multiply defined.


LaTeX Warning: Label `fig:multi_sigma3' multiply defined.


LaTeX Warning: Label `sub@fig:multi_sigma3' multiply defined.


LaTeX Warning: Label `fig:multi_phi3' multiply defined.


LaTeX Warning: Label `sub@fig:multi_phi3' multiply defined.


LaTeX Warning: Label `fig:multi_xi3' multiply defined.


LaTeX Warning: Label `sub@fig:multi_xi3' multiply defined.


LaTeX Warning: Label `fig:multiparameters3' multiply defined.


LaTeX Warning: Label `fig:multi_ampl3' multiply defined.


LaTeX Warning: Label `sub@fig:multi_ampl3' multiply defined.


LaTeX Warning: Label `fig:multi_sigma3' multiply defined.


LaTeX Warning: Label `sub@fig:multi_sigma3' multiply defined.


LaTeX Warning: Label `fig:multi_phi3' multiply defined.


LaTeX Warning: Label `sub@fig:multi_phi3' multiply defined.


LaTeX Warning: Label `fig:multi_xi3' multiply defined.


LaTeX Warning: Label `sub@fig:multi_xi3' multiply defined.


LaTeX Warning: Label `fig:multiparameters3' multiply defined.


LaTeX Warning: Label `fig:multi_ampl3' multiply defined.


LaTeX Warning: Label `sub@fig:multi_ampl3' multiply defined.


LaTeX Warning: Label `fig:multi_sigma3' multiply defined.


LaTeX Warning: Label `sub@fig:multi_sigma3' multiply defined.


LaTeX Warning: Label `fig:multi_phi3' multiply defined.


LaTeX Warning: Label `sub@fig:multi_phi3' multiply defined.


LaTeX Warning: Label `fig:multi_xi3' multiply defined.


LaTeX Warning: Label `sub@fig:multi_xi3' multiply defined.


LaTeX Warning: Label `fig:multiparameters3' multiply defined.

)
\openout1 = `kuka_identification.aux'.

LaTeX Font Info:    Checking defaults for OML/cmm/m/it on input line 70.
LaTeX Font Info:    ... okay on input line 70.
LaTeX Font Info:    Checking defaults for T1/cmr/m/n on input line 70.
LaTeX Font Info:    ... okay on input line 70.
LaTeX Font Info:    Checking defaults for OT1/cmr/m/n on input line 70.
LaTeX Font Info:    ... okay on input line 70.
LaTeX Font Info:    Checking defaults for OMS/cmsy/m/n on input line 70.
LaTeX Font Info:    ... okay on input line 70.
LaTeX Font Info:    Checking defaults for OMX/cmex/m/n on input line 70.
LaTeX Font Info:    ... okay on input line 70.
LaTeX Font Info:    Checking defaults for U/cmr/m/n on input line 70.
LaTeX Font Info:    ... okay on input line 70.
LaTeX Font Info:    Checking defaults for T2A/cmr/m/n on input line 70.
LaTeX Font Info:    ... okay on input line 70.
 ("C:\Program Files\MiKTeX 2.9\tex\context\base\supp-pdf.mkii"
[Loading MPS to PDF converter (version 2006.09.02).]
\scratchcounter=\count126
\scratchdimen=\dimen124
\scratchbox=\box28
\nofMPsegments=\count127
\nofMParguments=\count128
\everyMPshowfont=\toks24
\MPscratchCnt=\count129
\MPscratchDim=\dimen125
\MPnumerator=\count130
\makeMPintoPDFobject=\count131
\everyMPtoPDFconversion=\toks25
)
Package caption Info: Begin \AtBeginDocument code.
Package caption Info: Incompatible package detected (regarding \@caption).
(caption)             \@caption = \long macro:#1[#2]#3->\par \addcontentsline {
\csname ext@#1\endcsname }{#1}{\protect \numberline {\csname the#1\endcsname .}
{\ignorespaces #2}}\begingroup \@parboxrestore \normalsize \@makecaption {\csna
me fnum@#1\endcsname }{\ignorespaces #3}\par \endgroup .


Package caption Warning: Forced redefinition of \caption since the
(caption)                unsupported(!) package option `compatibility=false'
(caption)                was given.
See the caption package documentation for explanation.

Package caption Info: End \AtBeginDocument code.
LaTeX Font Info:    Try loading font information for OMS+cmr on input line 71.
("C:\Program Files\MiKTeX 2.9\tex\latex\base\omscmr.fd"
File: omscmr.fd 2014/09/29 v2.5h Standard LaTeX font definitions
)
LaTeX Font Info:    Font shape `OMS/cmr/bx/n' in size <12> not available
(Font)              Font shape `OMS/cmsy/b/n' tried instead on input line 71.
LaTeX Font Info:    Try loading font information for U+msa on input line 71.

("C:\Program Files\MiKTeX 2.9\tex\latex\amsfonts\umsa.fd"
File: umsa.fd 2013/01/14 v3.01 AMS symbols A
)
LaTeX Font Info:    Try loading font information for U+msb on input line 71.

("C:\Program Files\MiKTeX 2.9\tex\latex\amsfonts\umsb.fd"
File: umsb.fd 2013/01/14 v3.01 AMS symbols B
) [1

{C:/Users/aokly/AppData/Local/MiKTeX/2.9/pdftex/config/pdftex.map}] [2] [3] [4]
 [5] [6]
<../imgs/calculated/meanT_sr_0_1.jpg, id=30, 1204.5pt x 903.375pt>
File: ../imgs/calculated/meanT_sr_0_1.jpg Graphic file (type jpg)

<use ../imgs/calculated/meanT_sr_0_1.jpg>
Package pdftex.def Info: ../imgs/calculated/meanT_sr_0_1.jpg used on input line
 112.
(pdftex.def)             Requested size: 218.51521pt x 163.88243pt.

<../imgs/calculated/meanT_sr_0_2.jpg, id=31, 1204.5pt x 903.375pt>
File: ../imgs/calculated/meanT_sr_0_2.jpg Graphic file (type jpg)

<use ../imgs/calculated/meanT_sr_0_2.jpg>
Package pdftex.def Info: ../imgs/calculated/meanT_sr_0_2.jpg used on input line
 115.
(pdftex.def)             Requested size: 218.51521pt x 163.88243pt.

<../imgs/calculated/meanT_sr_0_3.jpg, id=32, 1204.5pt x 903.375pt>
File: ../imgs/calculated/meanT_sr_0_3.jpg Graphic file (type jpg)

<use ../imgs/calculated/meanT_sr_0_3.jpg>
Package pdftex.def Info: ../imgs/calculated/meanT_sr_0_3.jpg used on input line
 119.
(pdftex.def)             Requested size: 218.51521pt x 163.88243pt.

<../imgs/calculated/meanT_sr_0_4.jpg, id=33, 1204.5pt x 903.375pt>
File: ../imgs/calculated/meanT_sr_0_4.jpg Graphic file (type jpg)

<use ../imgs/calculated/meanT_sr_0_4.jpg>
Package pdftex.def Info: ../imgs/calculated/meanT_sr_0_4.jpg used on input line
 122.
(pdftex.def)             Requested size: 218.51521pt x 163.88243pt.

<../imgs/calculated/meanT_sr_0_5.jpg, id=34, 1204.5pt x 903.375pt>
File: ../imgs/calculated/meanT_sr_0_5.jpg Graphic file (type jpg)

<use ../imgs/calculated/meanT_sr_0_5.jpg>
Package pdftex.def Info: ../imgs/calculated/meanT_sr_0_5.jpg used on input line
 126.
(pdftex.def)             Requested size: 218.51521pt x 163.88243pt.

<../imgs/identificated/sr_0_online_tau_2.jpg, id=35, 1204.5pt x 903.375pt>
File: ../imgs/identificated/sr_0_online_tau_2.jpg Graphic file (type jpg)

<use ../imgs/identificated/sr_0_online_tau_2.jpg>
Package pdftex.def Info: ../imgs/identificated/sr_0_online_tau_2.jpg used on in
put line 143.
(pdftex.def)             Requested size: 218.51521pt x 163.88243pt.

<../imgs/identificated/sr_0_online_tau_3.jpg, id=36, 1204.5pt x 903.375pt>
File: ../imgs/identificated/sr_0_online_tau_3.jpg Graphic file (type jpg)

<use ../imgs/identificated/sr_0_online_tau_3.jpg>
Package pdftex.def Info: ../imgs/identificated/sr_0_online_tau_3.jpg used on in
put line 145.
(pdftex.def)             Requested size: 218.51521pt x 163.88243pt.

<../imgs/identificated/sr_0_online_tau_4.jpg, id=37, 1204.5pt x 903.375pt>
File: ../imgs/identificated/sr_0_online_tau_4.jpg Graphic file (type jpg)

<use ../imgs/identificated/sr_0_online_tau_4.jpg>
Package pdftex.def Info: ../imgs/identificated/sr_0_online_tau_4.jpg used on in
put line 148.
(pdftex.def)             Requested size: 218.51521pt x 163.88243pt.

<../imgs/identificated/sr_0_online_tau_5.jpg, id=38, 1204.5pt x 903.375pt>
File: ../imgs/identificated/sr_0_online_tau_5.jpg Graphic file (type jpg)

<use ../imgs/identificated/sr_0_online_tau_5.jpg>
Package pdftex.def Info: ../imgs/identificated/sr_0_online_tau_5.jpg used on in
put line 150.
(pdftex.def)             Requested size: 218.51521pt x 163.88243pt.

<../imgs/identificated/sr_0_trapezidal_tau_2.jpg, id=39, 1204.5pt x 903.375pt>
File: ../imgs/identificated/sr_0_trapezidal_tau_2.jpg Graphic file (type jpg)

<use ../imgs/identificated/sr_0_trapezidal_tau_2.jpg>
Package pdftex.def Info: ../imgs/identificated/sr_0_trapezidal_tau_2.jpg used o
n input line 166.
(pdftex.def)             Requested size: 218.51521pt x 163.88243pt.

<../imgs/identificated/sr_0_trapezidal_tau_3.jpg, id=40, 1204.5pt x 903.375pt>
File: ../imgs/identificated/sr_0_trapezidal_tau_3.jpg Graphic file (type jpg)

<use ../imgs/identificated/sr_0_trapezidal_tau_3.jpg>
Package pdftex.def Info: ../imgs/identificated/sr_0_trapezidal_tau_3.jpg used o
n input line 168.
(pdftex.def)             Requested size: 218.51521pt x 163.88243pt.

<../imgs/identificated/sr_0_trapezidal_tau_4.jpg, id=41, 1204.5pt x 903.375pt>
File: ../imgs/identificated/sr_0_trapezidal_tau_4.jpg Graphic file (type jpg)

<use ../imgs/identificated/sr_0_trapezidal_tau_4.jpg>
Package pdftex.def Info: ../imgs/identificated/sr_0_trapezidal_tau_4.jpg used o
n input line 171.
(pdftex.def)             Requested size: 218.51521pt x 163.88243pt.

<../imgs/identificated/sr_0_trapezidal_tau_5.jpg, id=42, 1204.5pt x 903.375pt>
File: ../imgs/identificated/sr_0_trapezidal_tau_5.jpg Graphic file (type jpg)

<use ../imgs/identificated/sr_0_trapezidal_tau_5.jpg>
Package pdftex.def Info: ../imgs/identificated/sr_0_trapezidal_tau_5.jpg used o
n input line 173.
(pdftex.def)             Requested size: 218.51521pt x 163.88243pt.

<../imgs/calculated/meanT_sr_10_1.jpg, id=43, 1204.5pt x 903.375pt>
File: ../imgs/calculated/meanT_sr_10_1.jpg Graphic file (type jpg)

<use ../imgs/calculated/meanT_sr_10_1.jpg>
Package pdftex.def Info: ../imgs/calculated/meanT_sr_10_1.jpg used on input lin
e 193.
(pdftex.def)             Requested size: 218.51521pt x 163.88243pt.

<../imgs/calculated/meanT_sr_10_2.jpg, id=44, 1204.5pt x 903.375pt>
File: ../imgs/calculated/meanT_sr_10_2.jpg Graphic file (type jpg)

<use ../imgs/calculated/meanT_sr_10_2.jpg>
Package pdftex.def Info: ../imgs/calculated/meanT_sr_10_2.jpg used on input lin
e 196.
(pdftex.def)             Requested size: 218.51521pt x 163.88243pt.

<../imgs/calculated/meanT_sr_10_3.jpg, id=45, 1204.5pt x 903.375pt>
File: ../imgs/calculated/meanT_sr_10_3.jpg Graphic file (type jpg)

<use ../imgs/calculated/meanT_sr_10_3.jpg>
Package pdftex.def Info: ../imgs/calculated/meanT_sr_10_3.jpg used on input lin
e 200.
(pdftex.def)             Requested size: 218.51521pt x 163.88243pt.

<../imgs/calculated/meanT_sr_10_4.jpg, id=46, 1204.5pt x 903.375pt>
File: ../imgs/calculated/meanT_sr_10_4.jpg Graphic file (type jpg)

<use ../imgs/calculated/meanT_sr_10_4.jpg>
Package pdftex.def Info: ../imgs/calculated/meanT_sr_10_4.jpg used on input lin
e 203.
(pdftex.def)             Requested size: 218.51521pt x 163.88243pt.

<../imgs/calculated/meanT_sr_10_5.jpg, id=47, 1204.5pt x 903.375pt>
File: ../imgs/calculated/meanT_sr_10_5.jpg Graphic file (type jpg)

<use ../imgs/calculated/meanT_sr_10_5.jpg>
Package pdftex.def Info: ../imgs/calculated/meanT_sr_10_5.jpg used on input lin
e 207.
(pdftex.def)             Requested size: 218.51521pt x 163.88243pt.

<../imgs/identificated/sr_10_online_tau_2.jpg, id=48, 1204.5pt x 903.375pt>
File: ../imgs/identificated/sr_10_online_tau_2.jpg Graphic file (type jpg)

<use ../imgs/identificated/sr_10_online_tau_2.jpg>
Package pdftex.def Info: ../imgs/identificated/sr_10_online_tau_2.jpg used on i
nput line 224.
(pdftex.def)             Requested size: 218.51521pt x 163.88243pt.

<../imgs/identificated/sr_10_online_tau_3.jpg, id=49, 1204.5pt x 903.375pt>
File: ../imgs/identificated/sr_10_online_tau_3.jpg Graphic file (type jpg)

<use ../imgs/identificated/sr_10_online_tau_3.jpg>
Package pdftex.def Info: ../imgs/identificated/sr_10_online_tau_3.jpg used on i
nput line 226.
(pdftex.def)             Requested size: 218.51521pt x 163.88243pt.

<../imgs/identificated/sr_10_online_tau_4.jpg, id=50, 1204.5pt x 903.375pt>
File: ../imgs/identificated/sr_10_online_tau_4.jpg Graphic file (type jpg)

<use ../imgs/identificated/sr_10_online_tau_4.jpg>
Package pdftex.def Info: ../imgs/identificated/sr_10_online_tau_4.jpg used on i
nput line 229.
(pdftex.def)             Requested size: 218.51521pt x 163.88243pt.

<../imgs/identificated/sr_10_online_tau_5.jpg, id=51, 1204.5pt x 903.375pt>
File: ../imgs/identificated/sr_10_online_tau_5.jpg Graphic file (type jpg)

<use ../imgs/identificated/sr_10_online_tau_5.jpg>
Package pdftex.def Info: ../imgs/identificated/sr_10_online_tau_5.jpg used on i
nput line 231.
(pdftex.def)             Requested size: 218.51521pt x 163.88243pt.

<../imgs/identificated/sr_10_trapezidal_tau_2.jpg, id=52, 1204.5pt x 903.375pt>
File: ../imgs/identificated/sr_10_trapezidal_tau_2.jpg Graphic file (type jpg)
<use ../imgs/identificated/sr_10_trapezidal_tau_2.jpg>
Package pdftex.def Info: ../imgs/identificated/sr_10_trapezidal_tau_2.jpg used 
on input line 248.
(pdftex.def)             Requested size: 218.51521pt x 163.88243pt.

<../imgs/identificated/sr_10_trapezidal_tau_3.jpg, id=53, 1204.5pt x 903.375pt>
File: ../imgs/identificated/sr_10_trapezidal_tau_3.jpg Graphic file (type jpg)
<use ../imgs/identificated/sr_10_trapezidal_tau_3.jpg>
Package pdftex.def Info: ../imgs/identificated/sr_10_trapezidal_tau_3.jpg used 
on input line 250.
(pdftex.def)             Requested size: 218.51521pt x 163.88243pt.

<../imgs/identificated/sr_10_trapezidal_tau_4.jpg, id=54, 1204.5pt x 903.375pt>
File: ../imgs/identificated/sr_10_trapezidal_tau_4.jpg Graphic file (type jpg)
<use ../imgs/identificated/sr_10_trapezidal_tau_4.jpg>
Package pdftex.def Info: ../imgs/identificated/sr_10_trapezidal_tau_4.jpg used 
on input line 253.
(pdftex.def)             Requested size: 218.51521pt x 163.88243pt.

<../imgs/identificated/sr_10_trapezidal_tau_5.jpg, id=55, 1204.5pt x 903.375pt>
File: ../imgs/identificated/sr_10_trapezidal_tau_5.jpg Graphic file (type jpg)
<use ../imgs/identificated/sr_10_trapezidal_tau_5.jpg>
Package pdftex.def Info: ../imgs/identificated/sr_10_trapezidal_tau_5.jpg used 
on input line 255.
(pdftex.def)             Requested size: 218.51521pt x 163.88243pt.

<../imgs/calculated/meanT_sr_30_1.jpg, id=56, 1204.5pt x 903.375pt>
File: ../imgs/calculated/meanT_sr_30_1.jpg Graphic file (type jpg)

<use ../imgs/calculated/meanT_sr_30_1.jpg>
Package pdftex.def Info: ../imgs/calculated/meanT_sr_30_1.jpg used on input lin
e 271.
(pdftex.def)             Requested size: 218.51521pt x 163.88243pt.

<../imgs/calculated/meanT_sr_30_2.jpg, id=57, 1204.5pt x 903.375pt>
File: ../imgs/calculated/meanT_sr_30_2.jpg Graphic file (type jpg)

<use ../imgs/calculated/meanT_sr_30_2.jpg>
Package pdftex.def Info: ../imgs/calculated/meanT_sr_30_2.jpg used on input lin
e 274.
(pdftex.def)             Requested size: 218.51521pt x 163.88243pt.

<../imgs/calculated/meanT_sr_30_3.jpg, id=58, 1204.5pt x 903.375pt>
File: ../imgs/calculated/meanT_sr_30_3.jpg Graphic file (type jpg)

<use ../imgs/calculated/meanT_sr_30_3.jpg>
Package pdftex.def Info: ../imgs/calculated/meanT_sr_30_3.jpg used on input lin
e 278.
(pdftex.def)             Requested size: 218.51521pt x 163.88243pt.

<../imgs/calculated/meanT_sr_30_4.jpg, id=59, 1204.5pt x 903.375pt>
File: ../imgs/calculated/meanT_sr_30_4.jpg Graphic file (type jpg)

<use ../imgs/calculated/meanT_sr_30_4.jpg>
Package pdftex.def Info: ../imgs/calculated/meanT_sr_30_4.jpg used on input lin
e 281.
(pdftex.def)             Requested size: 218.51521pt x 163.88243pt.

<../imgs/calculated/meanT_sr_30_5.jpg, id=60, 1204.5pt x 903.375pt>
File: ../imgs/calculated/meanT_sr_30_5.jpg Graphic file (type jpg)

<use ../imgs/calculated/meanT_sr_30_5.jpg>
Package pdftex.def Info: ../imgs/calculated/meanT_sr_30_5.jpg used on input lin
e 285.
(pdftex.def)             Requested size: 218.51521pt x 163.88243pt.

<../imgs/identificated/sr_30_online_tau_2.jpg, id=61, 1204.5pt x 903.375pt>
File: ../imgs/identificated/sr_30_online_tau_2.jpg Graphic file (type jpg)

<use ../imgs/identificated/sr_30_online_tau_2.jpg>
Package pdftex.def Info: ../imgs/identificated/sr_30_online_tau_2.jpg used on i
nput line 302.
(pdftex.def)             Requested size: 218.51521pt x 163.88243pt.

<../imgs/identificated/sr_30_online_tau_3.jpg, id=62, 1204.5pt x 903.375pt>
File: ../imgs/identificated/sr_30_online_tau_3.jpg Graphic file (type jpg)

<use ../imgs/identificated/sr_30_online_tau_3.jpg>
Package pdftex.def Info: ../imgs/identificated/sr_30_online_tau_3.jpg used on i
nput line 304.
(pdftex.def)             Requested size: 218.51521pt x 163.88243pt.

<../imgs/identificated/sr_30_online_tau_4.jpg, id=63, 1204.5pt x 903.375pt>
File: ../imgs/identificated/sr_30_online_tau_4.jpg Graphic file (type jpg)

<use ../imgs/identificated/sr_30_online_tau_4.jpg>
Package pdftex.def Info: ../imgs/identificated/sr_30_online_tau_4.jpg used on i
nput line 307.
(pdftex.def)             Requested size: 218.51521pt x 163.88243pt.

<../imgs/identificated/sr_30_online_tau_5.jpg, id=64, 1204.5pt x 903.375pt>
File: ../imgs/identificated/sr_30_online_tau_5.jpg Graphic file (type jpg)

<use ../imgs/identificated/sr_30_online_tau_5.jpg>
Package pdftex.def Info: ../imgs/identificated/sr_30_online_tau_5.jpg used on i
nput line 309.
(pdftex.def)             Requested size: 218.51521pt x 163.88243pt.

<../imgs/identificated/sr_30_trapezidal_tau_2.jpg, id=65, 1204.5pt x 903.375pt>
File: ../imgs/identificated/sr_30_trapezidal_tau_2.jpg Graphic file (type jpg)
<use ../imgs/identificated/sr_30_trapezidal_tau_2.jpg>
Package pdftex.def Info: ../imgs/identificated/sr_30_trapezidal_tau_2.jpg used 
on input line 326.
(pdftex.def)             Requested size: 218.51521pt x 163.88243pt.

<../imgs/identificated/sr_30_trapezidal_tau_3.jpg, id=66, 1204.5pt x 903.375pt>
File: ../imgs/identificated/sr_30_trapezidal_tau_3.jpg Graphic file (type jpg)
<use ../imgs/identificated/sr_30_trapezidal_tau_3.jpg>
Package pdftex.def Info: ../imgs/identificated/sr_30_trapezidal_tau_3.jpg used 
on input line 328.
(pdftex.def)             Requested size: 218.51521pt x 163.88243pt.

<../imgs/identificated/sr_30_trapezidal_tau_4.jpg, id=67, 1204.5pt x 903.375pt>
File: ../imgs/identificated/sr_30_trapezidal_tau_4.jpg Graphic file (type jpg)
<use ../imgs/identificated/sr_30_trapezidal_tau_4.jpg>
Package pdftex.def Info: ../imgs/identificated/sr_30_trapezidal_tau_4.jpg used 
on input line 331.
(pdftex.def)             Requested size: 218.51521pt x 163.88243pt.

<../imgs/identificated/sr_30_trapezidal_tau_5.jpg, id=68, 1204.5pt x 903.375pt>
File: ../imgs/identificated/sr_30_trapezidal_tau_5.jpg Graphic file (type jpg)
<use ../imgs/identificated/sr_30_trapezidal_tau_5.jpg>
Package pdftex.def Info: ../imgs/identificated/sr_30_trapezidal_tau_5.jpg used 
on input line 333.
(pdftex.def)             Requested size: 218.51521pt x 163.88243pt.

<../imgs/calculated/meanT_sr_50_1.jpg, id=69, 1204.5pt x 903.375pt>
File: ../imgs/calculated/meanT_sr_50_1.jpg Graphic file (type jpg)

<use ../imgs/calculated/meanT_sr_50_1.jpg>
Package pdftex.def Info: ../imgs/calculated/meanT_sr_50_1.jpg used on input lin
e 351.
(pdftex.def)             Requested size: 218.51521pt x 163.88243pt.

<../imgs/calculated/meanT_sr_50_2.jpg, id=70, 1204.5pt x 903.375pt>
File: ../imgs/calculated/meanT_sr_50_2.jpg Graphic file (type jpg)

<use ../imgs/calculated/meanT_sr_50_2.jpg>
Package pdftex.def Info: ../imgs/calculated/meanT_sr_50_2.jpg used on input lin
e 354.
(pdftex.def)             Requested size: 218.51521pt x 163.88243pt.

<../imgs/calculated/meanT_sr_50_3.jpg, id=71, 1204.5pt x 903.375pt>
File: ../imgs/calculated/meanT_sr_50_3.jpg Graphic file (type jpg)

<use ../imgs/calculated/meanT_sr_50_3.jpg>
Package pdftex.def Info: ../imgs/calculated/meanT_sr_50_3.jpg used on input lin
e 358.
(pdftex.def)             Requested size: 218.51521pt x 163.88243pt.

<../imgs/calculated/meanT_sr_50_4.jpg, id=72, 1204.5pt x 903.375pt>
File: ../imgs/calculated/meanT_sr_50_4.jpg Graphic file (type jpg)

<use ../imgs/calculated/meanT_sr_50_4.jpg>
Package pdftex.def Info: ../imgs/calculated/meanT_sr_50_4.jpg used on input lin
e 361.
(pdftex.def)             Requested size: 218.51521pt x 163.88243pt.

<../imgs/calculated/meanT_sr_50_5.jpg, id=73, 1204.5pt x 903.375pt>
File: ../imgs/calculated/meanT_sr_50_5.jpg Graphic file (type jpg)

<use ../imgs/calculated/meanT_sr_50_5.jpg>
Package pdftex.def Info: ../imgs/calculated/meanT_sr_50_5.jpg used on input lin
e 365.
(pdftex.def)             Requested size: 218.51521pt x 163.88243pt.

<../imgs/identificated/sr_50_online_tau_2.jpg, id=74, 1204.5pt x 903.375pt>
File: ../imgs/identificated/sr_50_online_tau_2.jpg Graphic file (type jpg)

<use ../imgs/identificated/sr_50_online_tau_2.jpg>
Package pdftex.def Info: ../imgs/identificated/sr_50_online_tau_2.jpg used on i
nput line 382.
(pdftex.def)             Requested size: 218.51521pt x 163.88243pt.

<../imgs/identificated/sr_50_online_tau_3.jpg, id=75, 1204.5pt x 903.375pt>
File: ../imgs/identificated/sr_50_online_tau_3.jpg Graphic file (type jpg)

<use ../imgs/identificated/sr_50_online_tau_3.jpg>
Package pdftex.def Info: ../imgs/identificated/sr_50_online_tau_3.jpg used on i
nput line 384.
(pdftex.def)             Requested size: 218.51521pt x 163.88243pt.

<../imgs/identificated/sr_50_online_tau_4.jpg, id=76, 1204.5pt x 903.375pt>
File: ../imgs/identificated/sr_50_online_tau_4.jpg Graphic file (type jpg)

<use ../imgs/identificated/sr_50_online_tau_4.jpg>
Package pdftex.def Info: ../imgs/identificated/sr_50_online_tau_4.jpg used on i
nput line 387.
(pdftex.def)             Requested size: 218.51521pt x 163.88243pt.

<../imgs/identificated/sr_50_online_tau_5.jpg, id=77, 1204.5pt x 903.375pt>
File: ../imgs/identificated/sr_50_online_tau_5.jpg Graphic file (type jpg)

<use ../imgs/identificated/sr_50_online_tau_5.jpg>
Package pdftex.def Info: ../imgs/identificated/sr_50_online_tau_5.jpg used on i
nput line 389.
(pdftex.def)             Requested size: 218.51521pt x 163.88243pt.

<../imgs/identificated/sr_50_trapezidal_tau_2.jpg, id=78, 1204.5pt x 903.375pt>
File: ../imgs/identificated/sr_50_trapezidal_tau_2.jpg Graphic file (type jpg)
<use ../imgs/identificated/sr_50_trapezidal_tau_2.jpg>
Package pdftex.def Info: ../imgs/identificated/sr_50_trapezidal_tau_2.jpg used 
on input line 406.
(pdftex.def)             Requested size: 218.51521pt x 163.88243pt.

<../imgs/identificated/sr_50_trapezidal_tau_3.jpg, id=79, 1204.5pt x 903.375pt>
File: ../imgs/identificated/sr_50_trapezidal_tau_3.jpg Graphic file (type jpg)
<use ../imgs/identificated/sr_50_trapezidal_tau_3.jpg>
Package pdftex.def Info: ../imgs/identificated/sr_50_trapezidal_tau_3.jpg used 
on input line 408.
(pdftex.def)             Requested size: 218.51521pt x 163.88243pt.

<../imgs/identificated/sr_50_trapezidal_tau_4.jpg, id=80, 1204.5pt x 903.375pt>
File: ../imgs/identificated/sr_50_trapezidal_tau_4.jpg Graphic file (type jpg)
<use ../imgs/identificated/sr_50_trapezidal_tau_4.jpg>
Package pdftex.def Info: ../imgs/identificated/sr_50_trapezidal_tau_4.jpg used 
on input line 411.
(pdftex.def)             Requested size: 218.51521pt x 163.88243pt.

<../imgs/identificated/sr_50_trapezidal_tau_5.jpg, id=81, 1204.5pt x 903.375pt>
File: ../imgs/identificated/sr_50_trapezidal_tau_5.jpg Graphic file (type jpg)
<use ../imgs/identificated/sr_50_trapezidal_tau_5.jpg>
Package pdftex.def Info: ../imgs/identificated/sr_50_trapezidal_tau_5.jpg used 
on input line 413.
(pdftex.def)             Requested size: 218.51521pt x 163.88243pt.

<../imgs/calculated/meanT_sr_100_1.jpg, id=82, 1204.5pt x 903.375pt>
File: ../imgs/calculated/meanT_sr_100_1.jpg Graphic file (type jpg)

<use ../imgs/calculated/meanT_sr_100_1.jpg>
Package pdftex.def Info: ../imgs/calculated/meanT_sr_100_1.jpg used on input li
ne 432.
(pdftex.def)             Requested size: 218.51521pt x 163.88243pt.

<../imgs/calculated/meanT_sr_100_2.jpg, id=83, 1204.5pt x 903.375pt>
File: ../imgs/calculated/meanT_sr_100_2.jpg Graphic file (type jpg)

<use ../imgs/calculated/meanT_sr_100_2.jpg>
Package pdftex.def Info: ../imgs/calculated/meanT_sr_100_2.jpg used on input li
ne 435.
(pdftex.def)             Requested size: 218.51521pt x 163.88243pt.

<../imgs/calculated/meanT_sr_100_3.jpg, id=84, 1204.5pt x 903.375pt>
File: ../imgs/calculated/meanT_sr_100_3.jpg Graphic file (type jpg)

<use ../imgs/calculated/meanT_sr_100_3.jpg>
Package pdftex.def Info: ../imgs/calculated/meanT_sr_100_3.jpg used on input li
ne 439.
(pdftex.def)             Requested size: 218.51521pt x 163.88243pt.

<../imgs/calculated/meanT_sr_100_4.jpg, id=85, 1204.5pt x 903.375pt>
File: ../imgs/calculated/meanT_sr_100_4.jpg Graphic file (type jpg)

<use ../imgs/calculated/meanT_sr_100_4.jpg>
Package pdftex.def Info: ../imgs/calculated/meanT_sr_100_4.jpg used on input li
ne 442.
(pdftex.def)             Requested size: 218.51521pt x 163.88243pt.

<../imgs/calculated/meanT_sr_100_5.jpg, id=86, 1204.5pt x 903.375pt>
File: ../imgs/calculated/meanT_sr_100_5.jpg Graphic file (type jpg)

<use ../imgs/calculated/meanT_sr_100_5.jpg>
Package pdftex.def Info: ../imgs/calculated/meanT_sr_100_5.jpg used on input li
ne 446.
(pdftex.def)             Requested size: 218.51521pt x 163.88243pt.

<../imgs/identificated/sr_100_online_tau_2.jpg, id=87, 1204.5pt x 903.375pt>
File: ../imgs/identificated/sr_100_online_tau_2.jpg Graphic file (type jpg)

<use ../imgs/identificated/sr_100_online_tau_2.jpg>
Package pdftex.def Info: ../imgs/identificated/sr_100_online_tau_2.jpg used on 
input line 463.
(pdftex.def)             Requested size: 218.51521pt x 163.88243pt.

<../imgs/identificated/sr_100_online_tau_3.jpg, id=88, 1204.5pt x 903.375pt>
File: ../imgs/identificated/sr_100_online_tau_3.jpg Graphic file (type jpg)

<use ../imgs/identificated/sr_100_online_tau_3.jpg>
Package pdftex.def Info: ../imgs/identificated/sr_100_online_tau_3.jpg used on 
input line 465.
(pdftex.def)             Requested size: 218.51521pt x 163.88243pt.

<../imgs/identificated/sr_100_online_tau_4.jpg, id=89, 1204.5pt x 903.375pt>
File: ../imgs/identificated/sr_100_online_tau_4.jpg Graphic file (type jpg)

<use ../imgs/identificated/sr_100_online_tau_4.jpg>
Package pdftex.def Info: ../imgs/identificated/sr_100_online_tau_4.jpg used on 
input line 468.
(pdftex.def)             Requested size: 218.51521pt x 163.88243pt.

<../imgs/identificated/sr_100_online_tau_5.jpg, id=90, 1204.5pt x 903.375pt>
File: ../imgs/identificated/sr_100_online_tau_5.jpg Graphic file (type jpg)

<use ../imgs/identificated/sr_100_online_tau_5.jpg>
Package pdftex.def Info: ../imgs/identificated/sr_100_online_tau_5.jpg used on 
input line 470.
(pdftex.def)             Requested size: 218.51521pt x 163.88243pt.

<../imgs/identificated/sr_100_trapezidal_tau_2.jpg, id=91, 1204.5pt x 903.375pt
>
File: ../imgs/identificated/sr_100_trapezidal_tau_2.jpg Graphic file (type jpg)

 <use ../imgs/identificated/sr_100_trapezidal_tau_2.jpg>
Package pdftex.def Info: ../imgs/identificated/sr_100_trapezidal_tau_2.jpg used
 on input line 487.
(pdftex.def)             Requested size: 218.51521pt x 163.88243pt.

<../imgs/identificated/sr_100_trapezidal_tau_3.jpg, id=92, 1204.5pt x 903.375pt
>
File: ../imgs/identificated/sr_100_trapezidal_tau_3.jpg Graphic file (type jpg)

 <use ../imgs/identificated/sr_100_trapezidal_tau_3.jpg>
Package pdftex.def Info: ../imgs/identificated/sr_100_trapezidal_tau_3.jpg used
 on input line 489.
(pdftex.def)             Requested size: 218.51521pt x 163.88243pt.

<../imgs/identificated/sr_100_trapezidal_tau_4.jpg, id=93, 1204.5pt x 903.375pt
>
File: ../imgs/identificated/sr_100_trapezidal_tau_4.jpg Graphic file (type jpg)

 <use ../imgs/identificated/sr_100_trapezidal_tau_4.jpg>
Package pdftex.def Info: ../imgs/identificated/sr_100_trapezidal_tau_4.jpg used
 on input line 492.
(pdftex.def)             Requested size: 218.51521pt x 163.88243pt.

<../imgs/identificated/sr_100_trapezidal_tau_5.jpg, id=94, 1204.5pt x 903.375pt
>
File: ../imgs/identificated/sr_100_trapezidal_tau_5.jpg Graphic file (type jpg)

 <use ../imgs/identificated/sr_100_trapezidal_tau_5.jpg>
Package pdftex.def Info: ../imgs/identificated/sr_100_trapezidal_tau_5.jpg used
 on input line 494.
(pdftex.def)             Requested size: 218.51521pt x 163.88243pt.
 [7 <../imgs/calculated/meanT_sr_0_1.jpg> <../imgs/calculated/meanT_sr_0_2.jpg>
 <../imgs/calculated/meanT_sr_0_3.jpg> <../imgs/calculated/meanT_sr_0_4.jpg> <.
./imgs/calculated/meanT_sr_0_5.jpg>] [8 <../imgs/identificated/sr_0_online_tau_
2.jpg> <../imgs/identificated/sr_0_online_tau_3.jpg> <../imgs/identificated/sr_
0_online_tau_4.jpg> <../imgs/identificated/sr_0_online_tau_5.jpg>] [9 <../imgs/
identificated/sr_0_trapezidal_tau_2.jpg> <../imgs/identificated/sr_0_trapezidal
_tau_3.jpg> <../imgs/identificated/sr_0_trapezidal_tau_4.jpg> <../imgs/identifi
cated/sr_0_trapezidal_tau_5.jpg>] [10 <../imgs/calculated/meanT_sr_10_1.jpg> <.
./imgs/calculated/meanT_sr_10_2.jpg> <../imgs/calculated/meanT_sr_10_3.jpg> <..
/imgs/calculated/meanT_sr_10_4.jpg> <../imgs/calculated/meanT_sr_10_5.jpg>] [11
 <../imgs/identificated/sr_10_online_tau_2.jpg> <../imgs/identificated/sr_10_on
line_tau_3.jpg> <../imgs/identificated/sr_10_online_tau_4.jpg> <../imgs/identif
icated/sr_10_online_tau_5.jpg>] [12 <../imgs/identificated/sr_10_trapezidal_tau
_2.jpg> <../imgs/identificated/sr_10_trapezidal_tau_3.jpg> <../imgs/identificat
ed/sr_10_trapezidal_tau_4.jpg> <../imgs/identificated/sr_10_trapezidal_tau_5.jp
g>] [13 <../imgs/calculated/meanT_sr_30_1.jpg> <../imgs/calculated/meanT_sr_30_
2.jpg> <../imgs/calculated/meanT_sr_30_3.jpg> <../imgs/calculated/meanT_sr_30_4
.jpg> <../imgs/calculated/meanT_sr_30_5.jpg>] [14 <../imgs/identificated/sr_30_
online_tau_2.jpg> <../imgs/identificated/sr_30_online_tau_3.jpg> <../imgs/ident
ificated/sr_30_online_tau_4.jpg> <../imgs/identificated/sr_30_online_tau_5.jpg>
] [15 <../imgs/identificated/sr_30_trapezidal_tau_2.jpg> <../imgs/identificated
/sr_30_trapezidal_tau_3.jpg> <../imgs/identificated/sr_30_trapezidal_tau_4.jpg>
 <../imgs/identificated/sr_30_trapezidal_tau_5.jpg>] [16 <../imgs/calculated/me
anT_sr_50_1.jpg> <../imgs/calculated/meanT_sr_50_2.jpg> <../imgs/calculated/mea
nT_sr_50_3.jpg> <../imgs/calculated/meanT_sr_50_4.jpg> <../imgs/calculated/mean
T_sr_50_5.jpg>]
[17 <../imgs/identificated/sr_50_online_tau_2.jpg> <../imgs/identificated/sr_50
_online_tau_3.jpg> <../imgs/identificated/sr_50_online_tau_4.jpg> <../imgs/iden
tificated/sr_50_online_tau_5.jpg>] [18 <../imgs/identificated/sr_50_trapezidal_
tau_2.jpg> <../imgs/identificated/sr_50_trapezidal_tau_3.jpg> <../imgs/identifi
cated/sr_50_trapezidal_tau_4.jpg> <../imgs/identificated/sr_50_trapezidal_tau_5
.jpg>] [19 <../imgs/calculated/meanT_sr_100_1.jpg> <../imgs/calculated/meanT_sr
_100_2.jpg> <../imgs/calculated/meanT_sr_100_3.jpg> <../imgs/calculated/meanT_s
r_100_4.jpg> <../imgs/calculated/meanT_sr_100_5.jpg>] [20 <../imgs/identificate
d/sr_100_online_tau_2.jpg> <../imgs/identificated/sr_100_online_tau_3.jpg> <../
imgs/identificated/sr_100_online_tau_4.jpg> <../imgs/identificated/sr_100_onlin
e_tau_5.jpg>] [21 <../imgs/identificated/sr_100_trapezidal_tau_2.jpg> <../imgs/
identificated/sr_100_trapezidal_tau_3.jpg> <../imgs/identificated/sr_100_trapez
idal_tau_4.jpg> <../imgs/identificated/sr_100_trapezidal_tau_5.jpg>]
(kuka_identification.aux)

LaTeX Warning: There were multiply-defined labels.

 ) 
Here is how much of TeX's memory you used:
 5404 strings out of 493323
 84151 string characters out of 3139066
 166972 words of memory out of 3000000
 8771 multiletter control sequences out of 15000+200000
 17440 words of font info for 54 fonts, out of 3000000 for 9000
 1141 hyphenation exceptions out of 8191
 42i,8n,46p,850b,521s stack positions out of 5000i,500n,10000p,200000b,50000s
 <C:\Users\aokly\AppData\Local\MiKTeX\2.9\fonts\pk\ljfour\lh\lh-t2a\dpi600\la
rm0700.pk> <C:\Users\aokly\AppData\Local\MiKTeX\2.9\fonts\pk\ljfour\lh\lh-t2a\d
pi600\larm1200.pk> <C:\Users\aokly\AppData\Local\MiKTeX\2.9\fonts\pk\ljfour\lh\
lh-t2a\dpi600\larm1095.pk> <C:\Users\aokly\AppData\Local\MiKTeX\2.9\fonts\pk\lj
four\lh\lh-t2a\dpi600\larm1000.pk> <C:\Users\aokly\AppData\Local\MiKTeX\2.9\fon
ts\pk\ljfour\lh\lh-t2a\dpi600\labx1440.pk> <C:\Users\aokly\AppData\Local\MiKTeX
\2.9\fonts\pk\ljfour\lh\lh-t2a\dpi600\labx1200.pk><C:/Program Files/MiKTeX 2.9/
fonts/type1/public/amsfonts/cm/cmbsy10.pfb><C:/Program Files/MiKTeX 2.9/fonts/t
ype1/public/amsfonts/cm/cmmi12.pfb><C:/Program Files/MiKTeX 2.9/fonts/type1/pub
lic/amsfonts/cm/cmr12.pfb><C:/Program Files/MiKTeX 2.9/fonts/type1/public/amsfo
nts/cm/cmr8.pfb>
Output written on kuka_identification.pdf (21 pages, 7703682 bytes).
PDF statistics:
 361 PDF objects out of 1000 (max. 8388607)
 0 named destinations out of 1000 (max. 500000)
 326 words of extra memory for PDF output out of 10000 (max. 10000000)

